> Task :app:preBuild UP-TO-DATE
> Task :app:preDebugBuild UP-TO-DATE
> Task :app:mergeDebugNativeDebugMetadata NO-SOURCE
> Task :app:checkKotlinGradlePluginConfigurationErrors
> Task :app:generateDebugResValues
> Task :app:checkDebugAarMetadata
> Task :app:injectCrashlyticsMappingFileIdDebug
> Task :app:injectCrashlyticsVersionControlInfoDebug
> Task :app:processDebugGoogleServices
> Task :app:mapDebugSourceSetPaths
> Task :app:generateDebugResources
> Task :app:mergeDebugResources UP-TO-DATE
> Task :app:packageDebugResources UP-TO-DATE
> Task :app:parseDebugLocalResources UP-TO-DATE
> Task :app:createDebugCompatibleScreenManifests UP-TO-DATE
> Task :app:extractDeepLinksDebug UP-TO-DATE
> Task :app:processDebugMainManifest UP-TO-DATE
> Task :app:processDebugManifest UP-TO-DATE
> Task :app:processDebugManifestForPackage UP-TO-DATE
> Task :app:processDebugResources UP-TO-DATE
> Task :app:javaPreCompileDebug UP-TO-DATE
> Task :app:mergeDebugShaders UP-TO-DATE
> Task :app:compileDebugShaders NO-SOURCE
> Task :app:generateDebugAssets UP-TO-DATE
> Task :app:mergeDebugAssets UP-TO-DATE
> Task :app:compressDebugAssets UP-TO-DATE
> Task :app:checkDebugDuplicateClasses UP-TO-DATE
> Task :app:desugarDebugFileDependencies UP-TO-DATE
> Task :app:mergeExtDexDebug UP-TO-DATE
> Task :app:mergeLibDexDebug UP-TO-DATE
> Task :app:mergeDebugJniLibFolders UP-TO-DATE
> Task :app:mergeDebugNativeLibs UP-TO-DATE
> Task :app:stripDebugDebugSymbols UP-TO-DATE
> Task :app:validateSigningDebug UP-TO-DATE
> Task :app:writeDebugAppMetadata UP-TO-DATE
> Task :app:writeDebugSigningConfigVersions UP-TO-DATE

> Task :app:compileDebugKotlin FAILED
e: file:///D:/Hackathons/TechSprint%202.0%20proj/Phantom%20Crowd/app/src/main/java/com/phantomcrowd/ui/MainActivity.kt:241:5 Expecting a top level declaration
e: file:///D:/Hackathons/TechSprint%202.0%20proj/Phantom%20Crowd/app/src/main/java/com/phantomcrowd/ui/MainActivity.kt:241:8 Expecting a top level declaration
e: file:///D:/Hackathons/TechSprint%202.0%20proj/Phantom%20Crowd/app/src/main/java/com/phantomcrowd/ui/MainActivity.kt:241:9 Expecting a top level declaration
e: file:///D:/Hackathons/TechSprint%202.0%20proj/Phantom%20Crowd/app/src/main/java/com/phantomcrowd/ui/MainActivity.kt:241:10 Expecting a top level declaration
e: file:///D:/Hackathons/TechSprint%202.0%20proj/Phantom%20Crowd/app/src/main/java/com/phantomcrowd/ui/MainActivity.kt:241:19 Expecting a top level declaration
e: file:///D:/Hackathons/TechSprint%202.0%20proj/Phantom%20Crowd/app/src/main/java/com/phantomcrowd/ui/MainActivity.kt:241:20 Expecting a top level declaration
e: file:///D:/Hackathons/TechSprint%202.0%20proj/Phantom%20Crowd/app/src/main/java/com/phantomcrowd/ui/MainActivity.kt:241:28 Expecting a top level declaration
e: file:///D:/Hackathons/TechSprint%202.0%20proj/Phantom%20Crowd/app/src/main/java/com/phantomcrowd/ui/MainActivity.kt:241:29 Expecting a top level declaration
e: file:///D:/Hackathons/TechSprint%202.0%20proj/Phantom%20Crowd/app/src/main/java/com/phantomcrowd/ui/MainActivity.kt:241:43 Expecting a top level declaration
e: file:///D:/Hackathons/TechSprint%202.0%20proj/Phantom%20Crowd/app/src/main/java/com/phantomcrowd/ui/MainActivity.kt:241:44 Expecting a top level declaration
e: file:///D:/Hackathons/TechSprint%202.0%20proj/Phantom%20Crowd/app/src/main/java/com/phantomcrowd/ui/MainActivity.kt:241:45 Expecting a top level declaration
e: file:///D:/Hackathons/TechSprint%202.0%20proj/Phantom%20Crowd/app/src/main/java/com/phantomcrowd/ui/MainActivity.kt:241:51 Expecting a top level declaration
e: file:///D:/Hackathons/TechSprint%202.0%20proj/Phantom%20Crowd/app/src/main/java/com/phantomcrowd/ui/MainActivity.kt:241:53 Expecting a top level declaration
e: file:///D:/Hackathons/TechSprint%202.0%20proj/Phantom%20Crowd/app/src/main/java/com/phantomcrowd/ui/MainActivity.kt:258:1 Expecting a top level declaration
e: file:///D:/Hackathons/TechSprint%202.0%20proj/Phantom%20Crowd/app/src/main/java/com/phantomcrowd/ui/MainActivity.kt:241:53 Functions which invoke @Composable functions must be marked with the @Composable annotation
e: file:///D:/Hackathons/TechSprint%202.0%20proj/Phantom%20Crowd/app/src/main/java/com/phantomcrowd/ui/MainActivity.kt:241:53 Function declaration must have a name
e: file:///D:/Hackathons/TechSprint%202.0%20proj/Phantom%20Crowd/app/src/main/java/com/phantomcrowd/ui/MainActivity.kt:242:9 @Composable invocations can only happen from the context of a @Composable function
e: file:///D:/Hackathons/TechSprint%202.0%20proj/Phantom%20Crowd/app/src/main/java/com/phantomcrowd/ui/MainViewModel.kt:41:57 Unresolved reference: FirebaseFirestore
e: file:///D:/Hackathons/TechSprint%202.0%20proj/Phantom%20Crowd/app/src/main/java/com/phantomcrowd/ui/MainViewModel.kt:300:26 Type mismatch: inferred type is String but Logger.Category was expected

[Incubating] Problems report is available at: file:///D:/Hackathons/TechSprint%202.0%20proj/Phantom%20Crowd/build/reports/problems/problems-report.html

FAILURE: Build failed with an exception.

* What went wrong:
Execution failed for task ':app:compileDebugKotlin'.
> A failure occurred while executing org.jetbrains.kotlin.compilerRunner.GradleCompilerRunnerWithWorkers$GradleKotlinCompilerWorkAction
   > Compilation error. See log for more details

* Try:
> Run with --stacktrace option to get the stack trace.
> Run with --info or --debug option to get more log output.
> Run with --scan to get full insights.
> Get more help at https://help.gradle.org.

Deprecated Gradle features were used in this build, making it incompatible with Gradle 9.0.

You can use '--warning-mode all' to show the individual deprecation warnings and determine if they come from your own scripts or plugins.

For more on this, please refer to https://docs.gradle.org/8.12/userguide/command_line_interface.html#sec:command_line_warnings in the Gradle documentation.

BUILD FAILED in 27s
32 actionable tasks: 9 executed, 23 up-to-date
