Initialized native services in: C:\Users\Hp\.gradle\native
Initialized jansi services in: C:\Users\Hp\.gradle\native
Found daemon DaemonInfo{pid=29256, address=[931d57de-6512-4843-8997-b5befb4886c5 port:60770, addresses:[/127.0.0.1]], state=Idle, lastBusy=1767038318957, context=DefaultDaemonContext[uid=1d926ba2-022c-4c08-a4ed-24b9609faccd,javaHome=C:\Users\Hp\.antigravity\extensions\redhat.java-1.50.0-win32-x64\jre\21.0.9-win32-x86_64,javaVersion=21,javaVendor=Eclipse Adoptium,daemonRegistryDir=C:\Users\Hp\.gradle\daemon,pid=29256,idleTimeout=10800000,priority=NORMAL,applyInstrumentationAgent=true,nativeServicesMode=ENABLED,daemonOpts=-Xmx2048m,-Dfile.encoding=UTF-8,-Duser.country=IN,-Duser.language=en,-Duser.variant]} however its context does not match the desired criteria.
JVM is incompatible.
Wanted: DaemonRequestContext{jvmCriteria=C:\Program Files\Java\jdk-17 (no JDK specified, using current Java home), daemonOpts=[-Xmx2048m, -Dfile.encoding=UTF-8, -Duser.country=IN, -Duser.language=en, -Duser.variant], applyInstrumentationAgent=true, nativeServicesMode=ENABLED, priority=NORMAL}
Actual: DefaultDaemonContext[uid=1d926ba2-022c-4c08-a4ed-24b9609faccd,javaHome=C:\Users\Hp\.antigravity\extensions\redhat.java-1.50.0-win32-x64\jre\21.0.9-win32-x86_64,javaVersion=21,javaVendor=Eclipse Adoptium,daemonRegistryDir=C:\Users\Hp\.gradle\daemon,pid=29256,idleTimeout=10800000,priority=NORMAL,applyInstrumentationAgent=true,nativeServicesMode=ENABLED,daemonOpts=-Xmx2048m,-Dfile.encoding=UTF-8,-Duser.country=IN,-Duser.language=en,-Duser.variant]

  Looking for a different daemon...
The client will now receive all logging from the daemon (pid: 19628). The daemon log file: C:\Users\Hp\.gradle\daemon\8.12\daemon-19628.out.log
Starting 18th build in daemon [uptime: 27 mins 11.627 secs, performance: 99%, GC rate: 0.00/s, heap usage: 0% of 2 GiB]
Using 12 worker leases.
Now considering [D:\Hackathons\TechSprint 2.0 proj\Phantom Crowd] as hierarchies to watch
Watching the file system is configured to be enabled if available
File system watching is active
Starting Build
Settings evaluated using settings file 'D:\Hackathons\TechSprint 2.0 proj\Phantom Crowd\settings.gradle'.
Projects loaded. Root project using build file 'D:\Hackathons\TechSprint 2.0 proj\Phantom Crowd\build.gradle'.
Included projects: [root project 'Phantom Crowd', project ':app']

> Configure project :
Evaluating root project 'Phantom Crowd' using build file 'D:\Hackathons\TechSprint 2.0 proj\Phantom Crowd\build.gradle'.
Resolved plugin [id: 'com.android.application', version: '8.10.1', apply: false]
Resolved plugin [id: 'com.android.library', version: '8.10.1', apply: false]
Resolved plugin [id: 'org.jetbrains.kotlin.android', version: '1.9.20', apply: false]
Resolved plugin [id: 'com.google.gms.google-services', version: '4.4.4', apply: false]
Resolved plugin [id: 'com.google.firebase.crashlytics', version: '3.0.6', apply: false]

> Configure project :app
Evaluating project ':app' using build file 'D:\Hackathons\TechSprint 2.0 proj\Phantom Crowd\app\build.gradle'.
Resolved plugin [id: 'com.android.application']
Resolved plugin [id: 'org.jetbrains.kotlin.android']
Resolved plugin [id: 'com.google.gms.google-services']
Resolved plugin [id: 'com.google.firebase.crashlytics']
Using default execution profile
Using Kotlin Gradle Plugin gradle81 variant
All projects evaluated.
Task name matched 'compileDebugKotlin'
Selected primary task 'compileDebugKotlin' from project :
Tasks to be executed: [task ':app:checkKotlinGradlePluginConfigurationErrors', task ':app:preBuild', task ':app:preDebugBuild', task ':app:checkDebugAarMetadata', task ':app:generateDebugResValues', task ':app:injectCrashlyticsMappingFileIdDebug', task ':app:injectCrashlyticsVersionControlInfoDebug', task ':app:processDebugGoogleServices', task ':app:mapDebugSourceSetPaths', task ':app:generateDebugResources', task ':app:mergeDebugResources', task ':app:packageDebugResources', task ':app:parseDebugLocalResources', task ':app:createDebugCompatibleScreenManifests', task ':app:extractDeepLinksDebug', task ':app:processDebugMainManifest', task ':app:processDebugManifest', task ':app:processDebugManifestForPackage', task ':app:processDebugResources', task ':app:compileDebugKotlin']
Tasks that were excluded: []
Resolve mutations for :app:checkKotlinGradlePluginConfigurationErrors (Thread[Execution worker,5,main]) started.
:app:checkKotlinGradlePluginConfigurationErrors (Thread[Execution worker Thread 4,5,main]) started.

> Task :app:checkKotlinGradlePluginConfigurationErrors
Caching disabled for task ':app:checkKotlinGradlePluginConfigurationErrors' because:
  Build cache is disabled
Task ':app:checkKotlinGradlePluginConfigurationErrors' is not up-to-date because:
  Task has not declared any outputs despite executing actions.
Resolve mutations for :app:preBuild (Thread[Execution worker Thread 4,5,main]) started.
:app:preBuild (Thread[included builds,5,main]) started.

> Task :app:preBuild UP-TO-DATE
Skipping task ':app:preBuild' as it has no actions.
Resolve mutations for :app:preDebugBuild (Thread[included builds,5,main]) started.
:app:preDebugBuild (Thread[included builds,5,main]) started.

> Task :app:preDebugBuild UP-TO-DATE
Skipping task ':app:preDebugBuild' as it has no actions.
Resolve mutations for :app:checkDebugAarMetadata (Thread[included builds,5,main]) started.
:app:checkDebugAarMetadata (Thread[included builds,5,main]) started.

> Task :app:checkDebugAarMetadata UP-TO-DATE
Caching disabled for task ':app:checkDebugAarMetadata' because:
  Build cache is disabled
  Caching has been disabled for the task
Skipping task ':app:checkDebugAarMetadata' as it is up-to-date.
Resolve mutations for :app:generateDebugResValues (Thread[Execution worker Thread 10,5,main]) started.
:app:generateDebugResValues (Thread[Execution worker Thread 10,5,main]) started.

> Task :app:generateDebugResValues UP-TO-DATE
Caching disabled for task ':app:generateDebugResValues' because:
  Build cache is disabled
Skipping task ':app:generateDebugResValues' as it is up-to-date.
Resolve mutations for :app:injectCrashlyticsMappingFileIdDebug (Thread[Execution worker Thread 10,5,main]) started.
:app:injectCrashlyticsMappingFileIdDebug (Thread[included builds,5,main]) started.

> Task :app:injectCrashlyticsMappingFileIdDebug UP-TO-DATE
Caching disabled for task ':app:injectCrashlyticsMappingFileIdDebug' because:
  Build cache is disabled
Skipping task ':app:injectCrashlyticsMappingFileIdDebug' as it is up-to-date.
Resolve mutations for :app:injectCrashlyticsVersionControlInfoDebug (Thread[Execution worker Thread 10,5,main]) started.
:app:injectCrashlyticsVersionControlInfoDebug (Thread[Execution worker Thread 10,5,main]) started.

> Task :app:injectCrashlyticsVersionControlInfoDebug UP-TO-DATE
Caching disabled for task ':app:injectCrashlyticsVersionControlInfoDebug' because:
  Build cache is disabled
Skipping task ':app:injectCrashlyticsVersionControlInfoDebug' as it is up-to-date.
Resolve mutations for :app:processDebugGoogleServices (Thread[Execution worker Thread 10,5,main]) started.
:app:processDebugGoogleServices (Thread[Execution worker Thread 10,5,main]) started.

> Task :app:processDebugGoogleServices UP-TO-DATE
Caching disabled for task ':app:processDebugGoogleServices' because:
  Build cache is disabled
Skipping task ':app:processDebugGoogleServices' as it is up-to-date.
Resolve mutations for :app:mapDebugSourceSetPaths (Thread[included builds,5,main]) started.
:app:mapDebugSourceSetPaths (Thread[included builds,5,main]) started.

> Task :app:mapDebugSourceSetPaths UP-TO-DATE
Caching disabled for task ':app:mapDebugSourceSetPaths' because:
  Build cache is disabled
  Caching has been disabled for the task
Skipping task ':app:mapDebugSourceSetPaths' as it is up-to-date.
Resolve mutations for :app:generateDebugResources (Thread[Execution worker Thread 10,5,main]) started.
:app:generateDebugResources (Thread[Execution worker Thread 10,5,main]) started.

> Task :app:generateDebugResources UP-TO-DATE
Caching disabled for task ':app:generateDebugResources' because:
  Build cache is disabled
Skipping task ':app:generateDebugResources' as it is up-to-date.
Resolve mutations for :app:mergeDebugResources (Thread[included builds,5,main]) started.
:app:mergeDebugResources (Thread[included builds,5,main]) started.

> Task :app:mergeDebugResources UP-TO-DATE
Caching disabled for task ':app:mergeDebugResources' because:
  Build cache is disabled
Skipping task ':app:mergeDebugResources' as it is up-to-date.
Resolve mutations for :app:packageDebugResources (Thread[Execution worker Thread 10,5,main]) started.
:app:packageDebugResources (Thread[Execution worker Thread 10,5,main]) started.

> Task :app:packageDebugResources UP-TO-DATE
Caching disabled for task ':app:packageDebugResources' because:
  Build cache is disabled
Skipping task ':app:packageDebugResources' as it is up-to-date.
Resolve mutations for :app:parseDebugLocalResources (Thread[included builds,5,main]) started.
:app:parseDebugLocalResources (Thread[included builds,5,main]) started.

> Task :app:parseDebugLocalResources UP-TO-DATE
Caching disabled for task ':app:parseDebugLocalResources' because:
  Build cache is disabled
Skipping task ':app:parseDebugLocalResources' as it is up-to-date.
Resolve mutations for :app:createDebugCompatibleScreenManifests (Thread[Execution worker Thread 10,5,main]) started.
:app:createDebugCompatibleScreenManifests (Thread[Execution worker Thread 10,5,main]) started.

> Task :app:createDebugCompatibleScreenManifests UP-TO-DATE
Caching disabled for task ':app:createDebugCompatibleScreenManifests' because:
  Build cache is disabled
  Caching has been disabled for the task
Skipping task ':app:createDebugCompatibleScreenManifests' as it is up-to-date.
Resolve mutations for :app:extractDeepLinksDebug (Thread[included builds,5,main]) started.
:app:extractDeepLinksDebug (Thread[included builds,5,main]) started.

> Task :app:extractDeepLinksDebug UP-TO-DATE
Caching disabled for task ':app:extractDeepLinksDebug' because:
  Build cache is disabled
Skipping task ':app:extractDeepLinksDebug' as it is up-to-date.
Resolve mutations for :app:processDebugMainManifest (Thread[Execution worker Thread 10,5,main]) started.
:app:processDebugMainManifest (Thread[Execution worker Thread 10,5,main]) started.

> Task :app:processDebugMainManifest UP-TO-DATE
Caching disabled for task ':app:processDebugMainManifest' because:
  Build cache is disabled
Skipping task ':app:processDebugMainManifest' as it is up-to-date.
Resolve mutations for :app:processDebugManifest (Thread[included builds,5,main]) started.
:app:processDebugManifest (Thread[included builds,5,main]) started.

> Task :app:processDebugManifest UP-TO-DATE
Caching disabled for task ':app:processDebugManifest' because:
  Build cache is disabled
Skipping task ':app:processDebugManifest' as it is up-to-date.
Resolve mutations for :app:processDebugManifestForPackage (Thread[included builds,5,main]) started.
:app:processDebugManifestForPackage (Thread[included builds,5,main]) started.

> Task :app:processDebugManifestForPackage UP-TO-DATE
Custom actions are attached to task ':app:processDebugManifestForPackage'.
Caching disabled for task ':app:processDebugManifestForPackage' because:
  Build cache is disabled
Skipping task ':app:processDebugManifestForPackage' as it is up-to-date.
Resolve mutations for :app:processDebugResources (Thread[Execution worker Thread 10,5,main]) started.
:app:processDebugResources (Thread[included builds,5,main]) started.

> Task :app:processDebugResources UP-TO-DATE
Registered task dependencies: app:debugCompileClasspath
Skipping misunderstood TO dep string: androidx.compose.ui:ui-tooling
Skipping misunderstood TO dep string: androidx.compose.ui:ui-test-manifest
Skipping misunderstood TO dep string: androidx.compose.ui:ui
Skipping misunderstood TO dep string: androidx.compose.ui:ui-graphics
Skipping misunderstood TO dep string: androidx.compose.ui:ui-tooling-preview
Skipping misunderstood TO dep string: androidx.compose.material3:material3
Starting dependency analysis
Caching disabled for task ':app:processDebugResources' because:
  Build cache is disabled
Skipping task ':app:processDebugResources' as it is up-to-date.
Resolve mutations for :app:compileDebugKotlin (Thread[included builds,5,main]) started.
:app:compileDebugKotlin (Thread[included builds,5,main]) started.

> Task :app:compileDebugKotlin
Registered task dependencies: app:kotlinCompilerClasspath
Starting dependency analysis
Registered task dependencies: app:kotlinCompilerPluginClasspathDebug
Starting dependency analysis
Caching disabled for task ':app:compileDebugKotlin' because:
  Build cache is disabled
Task ':app:compileDebugKotlin' is not up-to-date because:
  Task has failed previously.
The input changes require a full rebuild for incremental task ':app:compileDebugKotlin'.
file or directory 'D:\Hackathons\TechSprint 2.0 proj\Phantom Crowd\app\src\debug\kotlin', not found
file or directory 'D:\Hackathons\TechSprint 2.0 proj\Phantom Crowd\app\src\debug\kotlin', not found
file or directory 'D:\Hackathons\TechSprint 2.0 proj\Phantom Crowd\app\src\debug\java', not found
file or directory 'D:\Hackathons\TechSprint 2.0 proj\Phantom Crowd\app\src\debug\kotlin', not found
file or directory 'D:\Hackathons\TechSprint 2.0 proj\Phantom Crowd\app\src\debug\java', not found
file or directory 'D:\Hackathons\TechSprint 2.0 proj\Phantom Crowd\app\src\main\kotlin', not found
file or directory 'D:\Hackathons\TechSprint 2.0 proj\Phantom Crowd\app\src\main\kotlin', not found
file or directory 'D:\Hackathons\TechSprint 2.0 proj\Phantom Crowd\app\src\main\kotlin', not found
file or directory 'D:\Hackathons\TechSprint 2.0 proj\Phantom Crowd\app\src\debug\java', not found
file or directory 'D:\Hackathons\TechSprint 2.0 proj\Phantom Crowd\app\src\debug\kotlin', not found
file or directory 'D:\Hackathons\TechSprint 2.0 proj\Phantom Crowd\app\src\debug\kotlin', not found
file or directory 'D:\Hackathons\TechSprint 2.0 proj\Phantom Crowd\app\src\debug\java', not found
file or directory 'D:\Hackathons\TechSprint 2.0 proj\Phantom Crowd\app\src\debug\kotlin', not found
file or directory 'D:\Hackathons\TechSprint 2.0 proj\Phantom Crowd\app\src\debug\java', not found
file or directory 'D:\Hackathons\TechSprint 2.0 proj\Phantom Crowd\app\src\main\kotlin', not found
file or directory 'D:\Hackathons\TechSprint 2.0 proj\Phantom Crowd\app\src\main\kotlin', not found
file or directory 'D:\Hackathons\TechSprint 2.0 proj\Phantom Crowd\app\src\debug\kotlin', not found
file or directory 'D:\Hackathons\TechSprint 2.0 proj\Phantom Crowd\app\src\debug\kotlin', not found
file or directory 'D:\Hackathons\TechSprint 2.0 proj\Phantom Crowd\app\src\debug\java', not found
file or directory 'D:\Hackathons\TechSprint 2.0 proj\Phantom Crowd\app\src\debug\kotlin', not found
file or directory 'D:\Hackathons\TechSprint 2.0 proj\Phantom Crowd\app\src\debug\java', not found
file or directory 'D:\Hackathons\TechSprint 2.0 proj\Phantom Crowd\app\src\main\kotlin', not found
file or directory 'D:\Hackathons\TechSprint 2.0 proj\Phantom Crowd\app\src\main\kotlin', not found
file or directory 'D:\Hackathons\TechSprint 2.0 proj\Phantom Crowd\app\src\main\kotlin', not found
file or directory 'D:\Hackathons\TechSprint 2.0 proj\Phantom Crowd\app\src\debug\java', not found
file or directory 'D:\Hackathons\TechSprint 2.0 proj\Phantom Crowd\app\src\debug\kotlin', not found
file or directory 'D:\Hackathons\TechSprint 2.0 proj\Phantom Crowd\app\src\debug\kotlin', not found
file or directory 'D:\Hackathons\TechSprint 2.0 proj\Phantom Crowd\app\src\debug\java', not found
file or directory 'D:\Hackathons\TechSprint 2.0 proj\Phantom Crowd\app\src\debug\kotlin', not found
file or directory 'D:\Hackathons\TechSprint 2.0 proj\Phantom Crowd\app\src\debug\java', not found
file or directory 'D:\Hackathons\TechSprint 2.0 proj\Phantom Crowd\app\src\main\kotlin', not found
file or directory 'D:\Hackathons\TechSprint 2.0 proj\Phantom Crowd\app\src\main\kotlin', not found
file or directory 'D:\Hackathons\TechSprint 2.0 proj\Phantom Crowd\app\src\main\kotlin', not found
file or directory 'D:\Hackathons\TechSprint 2.0 proj\Phantom Crowd\app\src\debug\java', not found
file or directory 'D:\Hackathons\TechSprint 2.0 proj\Phantom Crowd\app\src\debug\kotlin', not found
file or directory 'D:\Hackathons\TechSprint 2.0 proj\Phantom Crowd\app\src\debug\kotlin', not found
file or directory 'D:\Hackathons\TechSprint 2.0 proj\Phantom Crowd\app\src\debug\java', not found
file or directory 'D:\Hackathons\TechSprint 2.0 proj\Phantom Crowd\app\src\debug\kotlin', not found
file or directory 'D:\Hackathons\TechSprint 2.0 proj\Phantom Crowd\app\src\debug\java', not found
file or directory 'D:\Hackathons\TechSprint 2.0 proj\Phantom Crowd\app\src\main\kotlin', not found
file or directory 'D:\Hackathons\TechSprint 2.0 proj\Phantom Crowd\app\src\main\kotlin', not found
file or directory 'D:\Hackathons\TechSprint 2.0 proj\Phantom Crowd\app\src\main\kotlin', not found
file or directory 'D:\Hackathons\TechSprint 2.0 proj\Phantom Crowd\app\src\debug\java', not found
Kotlin source files: D:\Hackathons\TechSprint 2.0 proj\Phantom Crowd\app\src\main\java\com\phantomcrowd\ar\ARCoreManager.kt, D:\Hackathons\TechSprint 2.0 proj\Phantom Crowd\app\src\main\java\com\phantomcrowd\ar\ARModelRenderer.kt, D:\Hackathons\TechSprint 2.0 proj\Phantom Crowd\app\src\main\java\com\phantomcrowd\ar\GeospatialAnchorManager.kt, D:\Hackathons\TechSprint 2.0 proj\Phantom Crowd\app\src\main\java\com\phantomcrowd\data\AnchorData.kt, D:\Hackathons\TechSprint 2.0 proj\Phantom Crowd\app\src\main\java\com\phantomcrowd\data\AnchorRepository.kt, D:\Hackathons\TechSprint 2.0 proj\Phantom Crowd\app\src\main\java\com\phantomcrowd\data\LocalStorageManager.kt, D:\Hackathons\TechSprint 2.0 proj\Phantom Crowd\app\src\main\java\com\phantomcrowd\ui\ARViewScreen.kt, D:\Hackathons\TechSprint 2.0 proj\Phantom Crowd\app\src\main\java\com\phantomcrowd\ui\MainActivity.kt, D:\Hackathons\TechSprint 2.0 proj\Phantom Crowd\app\src\main\java\com\phantomcrowd\ui\MainViewModel.kt, D:\Hackathons\TechSprint 2.0 proj\Phantom Crowd\app\src\main\java\com\phantomcrowd\ui\NearbyIssuesScreen.kt, D:\Hackathons\TechSprint 2.0 proj\Phantom Crowd\app\src\main\java\com\phantomcrowd\ui\PostIssueScreen.kt, D:\Hackathons\TechSprint 2.0 proj\Phantom Crowd\app\src\main\java\com\phantomcrowd\ui\theme\Color.kt, D:\Hackathons\TechSprint 2.0 proj\Phantom Crowd\app\src\main\java\com\phantomcrowd\ui\theme\Theme.kt, D:\Hackathons\TechSprint 2.0 proj\Phantom Crowd\app\src\main\java\com\phantomcrowd\ui\theme\Type.kt, D:\Hackathons\TechSprint 2.0 proj\Phantom Crowd\app\src\main\java\com\phantomcrowd\utils\Constants.kt, D:\Hackathons\TechSprint 2.0 proj\Phantom Crowd\app\src\main\java\com\phantomcrowd\utils\DebugConfig.kt, D:\Hackathons\TechSprint 2.0 proj\Phantom Crowd\app\src\main\java\com\phantomcrowd\utils\GPSUtils.kt, D:\Hackathons\TechSprint 2.0 proj\Phantom Crowd\app\src\main\java\com\phantomcrowd\utils\Logger.kt, D:\Hackathons\TechSprint 2.0 proj\Phantom Crowd\app\src\main\java\com\phantomcrowd\utils\PermissionHelper.kt
Java source files: 
Script source files: 
Script file extensions: 
Using Kotlin/JVM incremental compilation
[KOTLIN] Kotlin compilation 'jdkHome' argument: null
i: found daemon on port 17654 (477262 ms old), trying to connect
i: connected to the daemon
Options for KOTLIN DAEMON: IncrementalCompilationOptions(super=CompilationOptions(compilerMode=INCREMENTAL_COMPILER, targetPlatform=JVM, reportCategories=[0, 3], reportSeverity=2, requestedCompilationResults=[0], kotlinScriptExtensions=[]), areFileChangesKnown=false, modifiedFiles=null, deletedFiles=null, classpathChanges=NotAvailableForNonIncrementalRun, workingDir=D:\Hackathons\TechSprint 2.0 proj\Phantom Crowd\app\build\kotlin\compileDebugKotlin\cacheable, multiModuleICSettings=MultiModuleICSettings(buildHistoryFile=D:\Hackathons\TechSprint 2.0 proj\Phantom Crowd\app\build\kotlin\compileDebugKotlin\local-state\build-history.bin, useModuleDetection=true), usePreciseJavaTracking=true, outputFiles=[D:\Hackathons\TechSprint 2.0 proj\Phantom Crowd\app\build\tmp\kotlin-classes\debug, D:\Hackathons\TechSprint 2.0 proj\Phantom Crowd\app\build\kotlin\compileDebugKotlin\cacheable, D:\Hackathons\TechSprint 2.0 proj\Phantom Crowd\app\build\kotlin\compileDebugKotlin\local-state])
e: file:///D:/Hackathons/TechSprint%202.0%20proj/Phantom%20Crowd/app/src/main/java/com/phantomcrowd/ui/ARViewScreen.kt:179:48 Unresolved reference: lightEstimationConfig
e: file:///D:/Hackathons/TechSprint%202.0%20proj/Phantom%20Crowd/app/src/main/java/com/phantomcrowd/ui/ARViewScreen.kt:180:81 Unresolved reference: LightEstimationConfig

> Task :app:compileDebugKotlin FAILED

[Incubating] Problems report is available at: file:///D:/Hackathons/TechSprint%202.0%20proj/Phantom%20Crowd/build/reports/problems/problems-report.html

FAILURE: Build failed with an exception.

* What went wrong:
Execution failed for task ':app:compileDebugKotlin'.
> A failure occurred while executing org.jetbrains.kotlin.compilerRunner.GradleCompilerRunnerWithWorkers$GradleKotlinCompilerWorkAction
   > Compilation error. See log for more details

* Try:
> Run with --stacktrace option to get the stack trace.
> Run with --debug option to get more log output.
> Run with --scan to get full insights.
> Get more help at https://help.gradle.org.

Deprecated Gradle features were used in this build, making it incompatible with Gradle 9.0.

You can use '--warning-mode all' to show the individual deprecation warnings and determine if they come from your own scripts or plugins.

For more on this, please refer to https://docs.gradle.org/8.12/userguide/command_line_interface.html#sec:command_line_warnings in the Gradle documentation.

BUILD FAILED in 6s
18 actionable tasks: 2 executed, 16 up-to-date
Watched directory hierarchies: [D:\Hackathons\TechSprint 2.0 proj\Phantom Crowd]
