> Task :app:checkKotlinGradlePluginConfigurationErrors
> Task :app:preBuild UP-TO-DATE
> Task :app:preDebugBuild UP-TO-DATE
> Task :app:checkDebugAarMetadata UP-TO-DATE
> Task :app:generateDebugResValues UP-TO-DATE
> Task :app:injectCrashlyticsMappingFileIdDebug UP-TO-DATE
> Task :app:injectCrashlyticsVersionControlInfoDebug UP-TO-DATE
> Task :app:processDebugGoogleServices UP-TO-DATE
> Task :app:mapDebugSourceSetPaths UP-TO-DATE
> Task :app:generateDebugResources UP-TO-DATE
> Task :app:mergeDebugResources UP-TO-DATE
> Task :app:packageDebugResources UP-TO-DATE
> Task :app:parseDebugLocalResources UP-TO-DATE
> Task :app:createDebugCompatibleScreenManifests UP-TO-DATE
> Task :app:extractDeepLinksDebug UP-TO-DATE
> Task :app:processDebugMainManifest UP-TO-DATE
> Task :app:processDebugManifest UP-TO-DATE
> Task :app:processDebugManifestForPackage UP-TO-DATE
> Task :app:processDebugResources UP-TO-DATE

> Task :app:compileDebugKotlin FAILED
e: file:///D:/Hackathons/TechSprint%202.0%20proj/Phantom%20Crowd/app/src/main/java/com/phantomcrowd/ar/ARModelRenderer.kt:9:32 Unresolved reference: AnchorNode
e: file:///D:/Hackathons/TechSprint%202.0%20proj/Phantom%20Crowd/app/src/main/java/com/phantomcrowd/ar/ARModelRenderer.kt:10:32 Unresolved reference: Node
e: file:///D:/Hackathons/TechSprint%202.0%20proj/Phantom%20Crowd/app/src/main/java/com/phantomcrowd/ar/ARModelRenderer.kt:12:32 Unresolved reference: ux
e: file:///D:/Hackathons/TechSprint%202.0%20proj/Phantom%20Crowd/app/src/main/java/com/phantomcrowd/ar/ARModelRenderer.kt:23:74 Unresolved reference: Node
e: file:///D:/Hackathons/TechSprint%202.0%20proj/Phantom%20Crowd/app/src/main/java/com/phantomcrowd/ar/ARModelRenderer.kt:24:20 Unresolved reference: Node
e: file:///D:/Hackathons/TechSprint%202.0%20proj/Phantom%20Crowd/app/src/main/java/com/phantomcrowd/ar/ARModelRenderer.kt:25:14 Variable expected
e: file:///D:/Hackathons/TechSprint%202.0%20proj/Phantom%20Crowd/app/src/main/java/com/phantomcrowd/ar/ARWallRenderer.kt:8:36 Unresolved reference: ArNode
e: file:///D:/Hackathons/TechSprint%202.0%20proj/Phantom%20Crowd/app/src/main/java/com/phantomcrowd/ar/ARWallRenderer.kt:29:8 Unresolved reference: ArNode
e: file:///D:/Hackathons/TechSprint%202.0%20proj/Phantom%20Crowd/app/src/main/java/com/phantomcrowd/ar/ARWallRenderer.kt:31:22 Unresolved reference: ArNode
e: file:///D:/Hackathons/TechSprint%202.0%20proj/Phantom%20Crowd/app/src/main/java/com/phantomcrowd/ar/ARWallRenderer.kt:32:16 Variable expected
e: file:///D:/Hackathons/TechSprint%202.0%20proj/Phantom%20Crowd/app/src/main/java/com/phantomcrowd/ar/ARWallRenderer.kt:35:32 No value passed for parameter 'engine'
e: file:///D:/Hackathons/TechSprint%202.0%20proj/Phantom%20Crowd/app/src/main/java/com/phantomcrowd/ar/ARWallRenderer.kt:35:32 No value passed for parameter 'modelLoader'
e: file:///D:/Hackathons/TechSprint%202.0%20proj/Phantom%20Crowd/app/src/main/java/com/phantomcrowd/ar/ARWallRenderer.kt:35:32 No value passed for parameter 'viewAttachmentManager'
e: file:///D:/Hackathons/TechSprint%202.0%20proj/Phantom%20Crowd/app/src/main/java/com/phantomcrowd/ar/ARWallRenderer.kt:47:36 Type mismatch: inferred type is TextView but Int was expected
e: file:///D:/Hackathons/TechSprint%202.0%20proj/Phantom%20Crowd/app/src/main/java/com/phantomcrowd/ui/ARViewScreen.kt:28:32 Unresolved reference: ArSceneView
e: file:///D:/Hackathons/TechSprint%202.0%20proj/Phantom%20Crowd/app/src/main/java/com/phantomcrowd/ui/ARViewScreen.kt:93:22 Unresolved reference: ArSceneView
e: file:///D:/Hackathons/TechSprint%202.0%20proj/Phantom%20Crowd/app/src/main/java/com/phantomcrowd/ui/ARViewScreen.kt:93:38 Property delegate must have a 'setValue(Nothing?, KProperty<*>, [Error type: Unresolved type for ArSceneView]?)' method. None of the following functions is suitable: 
public inline operator fun <T> MutableState<Nothing?>.setValue(thisObj: Any?, property: KProperty<*>, value: Nothing?): Unit defined in androidx.compose.runtime
e: file:///D:/Hackathons/TechSprint%202.0%20proj/Phantom%20Crowd/app/src/main/java/com/phantomcrowd/ui/ARViewScreen.kt:168:17 Unresolved reference: ArSceneView
e: file:///D:/Hackathons/TechSprint%202.0%20proj/Phantom%20Crowd/app/src/main/java/com/phantomcrowd/ui/ARViewScreen.kt:173:26 Unresolved reference: addOnAttachStateChangeListener
e: file:///D:/Hackathons/TechSprint%202.0%20proj/Phantom%20Crowd/app/src/main/java/com/phantomcrowd/ui/ARViewScreen.kt:189:59 Unresolved reference: ArSceneView
e: file:///D:/Hackathons/TechSprint%202.0%20proj/Phantom%20Crowd/app/src/main/java/com/phantomcrowd/ui/ARViewScreen.kt:244:26 Unresolved reference: scene
e: file:///D:/Hackathons/TechSprint%202.0%20proj/Phantom%20Crowd/app/src/main/java/com/phantomcrowd/ui/ARViewScreen.kt:244:54 Cannot infer a type for this parameter. Please specify it explicitly.
e: file:///D:/Hackathons/TechSprint%202.0%20proj/Phantom%20Crowd/app/src/main/java/com/phantomcrowd/ui/ARViewScreen.kt:245:44 Unresolved reference: session
e: file:///D:/Hackathons/TechSprint%202.0%20proj/Phantom%20Crowd/app/src/main/java/com/phantomcrowd/ui/ARViewScreen.kt:310:71 'this' is not defined in this context
e: file:///D:/Hackathons/TechSprint%202.0%20proj/Phantom%20Crowd/app/src/main/java/com/phantomcrowd/ui/ARViewScreen.kt:372:24 Cannot infer a type for this parameter. Please specify it explicitly.
e: file:///D:/Hackathons/TechSprint%202.0%20proj/Phantom%20Crowd/app/src/main/java/com/phantomcrowd/ui/ARViewScreen.kt:376:28 Variable expected
e: file:///D:/Hackathons/TechSprint%202.0%20proj/Phantom%20Crowd/app/src/main/java/com/phantomcrowd/ui/ARViewScreen.kt:428:57 Cannot infer a type for this parameter. Please specify it explicitly.
e: file:///D:/Hackathons/TechSprint%202.0%20proj/Phantom%20Crowd/app/src/main/java/com/phantomcrowd/ui/ARViewScreen.kt:440:64 Suspension functions can be called only within coroutine body
e: file:///D:/Hackathons/TechSprint%202.0%20proj/Phantom%20Crowd/app/src/main/java/com/phantomcrowd/ui/ARViewScreen.kt:495:16 Unresolved reference: ArSceneView
e: file:///D:/Hackathons/TechSprint%202.0%20proj/Phantom%20Crowd/app/src/main/java/com/phantomcrowd/ui/ARViewScreen.kt:500:46 Unresolved reference: AnchorNode
e: file:///D:/Hackathons/TechSprint%202.0%20proj/Phantom%20Crowd/app/src/main/java/com/phantomcrowd/ui/ARViewScreen.kt:521:15 No value passed for parameter 'p0'
e: file:///D:/Hackathons/TechSprint%202.0%20proj/Phantom%20Crowd/app/src/main/java/com/phantomcrowd/ui/ARViewScreen.kt:540:48 Unresolved reference: Node
e: file:///D:/Hackathons/TechSprint%202.0%20proj/Phantom%20Crowd/app/src/main/java/com/phantomcrowd/ui/ARViewScreen.kt:541:18 Variable expected
e: file:///D:/Hackathons/TechSprint%202.0%20proj/Phantom%20Crowd/app/src/main/java/com/phantomcrowd/ui/ARViewScreen.kt:543:18 Variable expected
e: file:///D:/Hackathons/TechSprint%202.0%20proj/Phantom%20Crowd/app/src/main/java/com/phantomcrowd/ui/ARViewScreen.kt:543:58 Unresolved reference: math
e: file:///D:/Hackathons/TechSprint%202.0%20proj/Phantom%20Crowd/app/src/main/java/com/phantomcrowd/ui/ARViewScreen.kt:546:18 Variable expected
e: file:///D:/Hackathons/TechSprint%202.0%20proj/Phantom%20Crowd/app/src/main/java/com/phantomcrowd/ui/ARViewScreen.kt:546:55 Unresolved reference: math
e: file:///D:/Hackathons/TechSprint%202.0%20proj/Phantom%20Crowd/app/src/main/java/com/phantomcrowd/ui/PostCreationARScreen.kt:25:36 Unresolved reference: ArModelNode
e: file:///D:/Hackathons/TechSprint%202.0%20proj/Phantom%20Crowd/app/src/main/java/com/phantomcrowd/ui/PostCreationARScreen.kt:26:36 Unresolved reference: ArNode
e: file:///D:/Hackathons/TechSprint%202.0%20proj/Phantom%20Crowd/app/src/main/java/com/phantomcrowd/ui/PostCreationARScreen.kt:80:45 Unresolved reference: ArSceneView
e: file:///D:/Hackathons/TechSprint%202.0%20proj/Phantom%20Crowd/app/src/main/java/com/phantomcrowd/ui/PostCreationARScreen.kt:80:61 Property delegate must have a 'setValue(Nothing?, KProperty<*>, [Error type: Unresolved type for io.github.sceneview.ar.ArSceneView]?)' method. None of the following functions is suitable: 
public inline operator fun <T> MutableState<Nothing?>.setValue(thisObj: Any?, property: KProperty<*>, value: Nothing?): Unit defined in androidx.compose.runtime
e: file:///D:/Hackathons/TechSprint%202.0%20proj/Phantom%20Crowd/app/src/main/java/com/phantomcrowd/ui/PostCreationARScreen.kt:85:9 Unresolved reference: AndroidView
e: file:///D:/Hackathons/TechSprint%202.0%20proj/Phantom%20Crowd/app/src/main/java/com/phantomcrowd/ui/PostCreationARScreen.kt:87:25 Cannot infer a type for this parameter. Please specify it explicitly.
e: file:///D:/Hackathons/TechSprint%202.0%20proj/Phantom%20Crowd/app/src/main/java/com/phantomcrowd/ui/PostCreationARScreen.kt:88:40 Unresolved reference: ArSceneView
e: file:///D:/Hackathons/TechSprint%202.0%20proj/Phantom%20Crowd/app/src/main/java/com/phantomcrowd/ui/PostCreationARScreen.kt:89:26 Unresolved reference: planeRenderer
e: file:///D:/Hackathons/TechSprint%202.0%20proj/Phantom%20Crowd/app/src/main/java/com/phantomcrowd/ui/PostCreationARScreen.kt:89:40 Variable expected
e: file:///D:/Hackathons/TechSprint%202.0%20proj/Phantom%20Crowd/app/src/main/java/com/phantomcrowd/ui/PostCreationARScreen.kt:90:26 Unresolved reference: onArSessionFailed
e: file:///D:/Hackathons/TechSprint%202.0%20proj/Phantom%20Crowd/app/src/main/java/com/phantomcrowd/ui/PostCreationARScreen.kt:90:48 Cannot infer a type for this parameter. Please specify it explicitly.
e: file:///D:/Hackathons/TechSprint%202.0%20proj/Phantom%20Crowd/app/src/main/java/com/phantomcrowd/ui/PostCreationARScreen.kt:93:26 Unresolved reference: onTapAr
e: file:///D:/Hackathons/TechSprint%202.0%20proj/Phantom%20Crowd/app/src/main/java/com/phantomcrowd/ui/PostCreationARScreen.kt:93:38 Cannot infer a type for this parameter. Please specify it explicitly.
e: file:///D:/Hackathons/TechSprint%202.0%20proj/Phantom%20Crowd/app/src/main/java/com/phantomcrowd/ui/PostCreationARScreen.kt:93:49 Cannot infer a type for this parameter. Please specify it explicitly.
e: file:///D:/Hackathons/TechSprint%202.0%20proj/Phantom%20Crowd/app/src/main/java/com/phantomcrowd/ui/PostCreationARScreen.kt:99:71 Unresolved reference: ArNode
e: file:///D:/Hackathons/TechSprint%202.0%20proj/Phantom%20Crowd/app/src/main/java/com/phantomcrowd/ui/PostCreationARScreen.kt:99:83 Unresolved reference: engine
e: file:///D:/Hackathons/TechSprint%202.0%20proj/Phantom%20Crowd/app/src/main/java/com/phantomcrowd/ui/PostCreationARScreen.kt:100:37 Variable expected
e: file:///D:/Hackathons/TechSprint%202.0%20proj/Phantom%20Crowd/app/src/main/java/com/phantomcrowd/ui/PostCreationARScreen.kt:105:35 Unresolved reference: addChild
e: file:///D:/Hackathons/TechSprint%202.0%20proj/Phantom%20Crowd/app/src/main/java/com/phantomcrowd/ui/PostCreationARScreen.kt:115:24 Cannot infer a type for this parameter. Please specify it explicitly.
e: file:///D:/Hackathons/TechSprint%202.0%20proj/Phantom%20Crowd/app/src/main/java/com/phantomcrowd/ui/PostCreationARScreen.kt:121:42 Unresolved reference: it
e: file:///D:/Hackathons/TechSprint%202.0%20proj/Phantom%20Crowd/app/src/main/java/com/phantomcrowd/ui/PostCreationARScreen.kt:164:21 Unresolved reference: lastAnchorNode
e: file:///D:/Hackathons/TechSprint%202.0%20proj/Phantom%20Crowd/app/src/main/java/com/phantomcrowd/ui/PostCreationARScreen.kt:165:25 Unresolved reference: lastAnchorNode
e: file:///D:/Hackathons/TechSprint%202.0%20proj/Phantom%20Crowd/app/src/main/java/com/phantomcrowd/ui/PostCreationARScreen.kt:166:43 Unresolved reference: lastAnchorNode
e: file:///D:/Hackathons/TechSprint%202.0%20proj/Phantom%20Crowd/app/src/main/java/com/phantomcrowd/ui/PostCreationARScreen.kt:167:25 Unresolved reference: lastAnchorNode

FAILURE: Build failed with an exception.

* What went wrong:
Execution failed for task ':app:compileDebugKotlin'.
> A failure occurred while executing org.jetbrains.kotlin.compilerRunner.GradleCompilerRunnerWithWorkers$GradleKotlinCompilerWorkAction
   > Compilation error. See log for more details

* Try:
> Run with --stacktrace option to get the stack trace.
[Incubating] Problems report is available at: file:///D:/Hackathons/TechSprint%202.0%20proj/Phantom%20Crowd/build/reports/problems/problems-report.html
> Run with --info or --debug option to get more log output.
> Run with --scan to get full insights.
> Get more help at https://help.gradle.org.

Deprecated Gradle features were used in this build, making it incompatible with Gradle 9.0.

You can use '--warning-mode all' to show the individual deprecation warnings and determine if they come from your own scripts or plugins.

For more on this, please refer to https://docs.gradle.org/8.11.1/userguide/command_line_interface.html#sec:command_line_warnings in the Gradle documentation.

BUILD FAILED in 11s
18 actionable tasks: 2 executed, 16 up-to-date
