Starting a Gradle Daemon, 2 incompatible and 2 stopped Daemons could not be reused, use --status for details
> Task :app:checkKotlinGradlePluginConfigurationErrors
> Task :app:preBuild UP-TO-DATE
> Task :app:preDebugBuild UP-TO-DATE
> Task :app:checkDebugAarMetadata UP-TO-DATE
> Task :app:generateDebugResValues UP-TO-DATE
> Task :app:injectCrashlyticsMappingFileIdDebug UP-TO-DATE
> Task :app:injectCrashlyticsVersionControlInfoDebug UP-TO-DATE
> Task :app:processDebugGoogleServices UP-TO-DATE
> Task :app:mapDebugSourceSetPaths UP-TO-DATE
> Task :app:generateDebugResources UP-TO-DATE
> Task :app:mergeDebugResources UP-TO-DATE
> Task :app:packageDebugResources UP-TO-DATE
> Task :app:parseDebugLocalResources UP-TO-DATE
> Task :app:createDebugCompatibleScreenManifests UP-TO-DATE
> Task :app:extractDeepLinksDebug
> Task :app:processDebugMainManifest
> Task :app:processDebugManifest
> Task :app:processDebugManifestForPackage
> Task :app:processDebugResources

> Task :app:compileDebugKotlin
e: file:///D:/Hackathons/TechSprint%202.0%20proj/Phantom%20Crowd/app/src/main/java/com/phantomcrowd/ui/ARNavigationScreen.kt:43:36 Unresolved reference: ArNode
e: file:///D:/Hackathons/TechSprint%202.0%20proj/Phantom%20Crowd/app/src/main/java/com/phantomcrowd/ui/ARNavigationScreen.kt:215:9 Unresolved reference: ArNode
e: file:///D:/Hackathons/TechSprint%202.0%20proj/Phantom%20Crowd/app/src/main/java/com/phantomcrowd/ui/ARNavigationScreen.kt:216:14 Unresolved reference: position
e: file:///D:/Hackathons/TechSprint%202.0%20proj/Phantom%20Crowd/app/src/main/java/com/phantomcrowd/ui/ARNavigationScreen.kt:222:19 Variable expected
e: file:///D:/Hackathons/TechSprint%202.0%20proj/Phantom%20Crowd/app/src/main/java/com/phantomcrowd/ui/ARNavigationScreen.kt:227:33 No value passed for parameter 'modelLoader'
e: file:///D:/Hackathons/TechSprint%202.0%20proj/Phantom%20Crowd/app/src/main/java/com/phantomcrowd/ui/ARNavigationScreen.kt:227:33 No value passed for parameter 'viewAttachmentManager'
e: file:///D:/Hackathons/TechSprint%202.0%20proj/Phantom%20Crowd/app/src/main/java/com/phantomcrowd/ui/ARNavigationScreen.kt:228:18 Unresolved reference: isFocusable
e: file:///D:/Hackathons/TechSprint%202.0%20proj/Phantom%20Crowd/app/src/main/java/com/phantomcrowd/ui/ARNavigationScreen.kt:240:36 Type mismatch: inferred type is TextView but Int was expected

> Task :app:compileDebugKotlin FAILED
[Incubating] Problems report is available at: file:///D:/Hackathons/TechSprint%202.0%20proj/Phantom%20Crowd/build/reports/problems/problems-report.html

FAILURE: Build failed with an exception.

* What went wrong:
Execution failed for task ':app:compileDebugKotlin'.
> A failure occurred while executing org.jetbrains.kotlin.compilerRunner.GradleCompilerRunnerWithWorkers$GradleKotlinCompilerWorkAction
   > Compilation error. See log for more details

* Try:
> Run with --stacktrace option to get the stack trace.
> Run with --info or --debug option to get more log output.
> Run with --scan to get full insights.
> Get more help at https://help.gradle.org.

Deprecated Gradle features were used in this build, making it incompatible with Gradle 9.0.

You can use '--warning-mode all' to show the individual deprecation warnings and determine if they come from your own scripts or plugins.

For more on this, please refer to https://docs.gradle.org/8.11.1/userguide/command_line_interface.html#sec:command_line_warnings in the Gradle documentation.

BUILD FAILED in 33s
18 actionable tasks: 7 executed, 11 up-to-date
